C51 COMPILER V9.53.0.0   INTERRUPTS                                                        01/18/2017 17:41:32 PAGE 1   


C51 COMPILER V9.53.0.0, COMPILATION OF MODULE INTERRUPTS
OBJECT MODULE PLACED IN .\src\Interrupts.OBJ
COMPILER INVOKED BY: c:\SiliconLabs\SimplicityStudio\v3\developer\toolchains\keil_8051\9.53\BIN\C51.exe C:\Users\yucheng
                    -\SimplicityStudio\usb_pd_stash\EFM8BB3_UART_Interrupt\src\Interrupts.c OMF2 SMALL DEBUG OBJECTEXTEND ROM(LARGE) WARNINGL
                    -EVEL(2) FLOATFUZZY(3) OPTIMIZE(8,SPEED) DEFINE(DEBUG=1) INTVECTOR(0X0000) INTPROMOTE INCDIR(C:\Users\yucheng\SimplicityS
                    -tudio\usb_pd_stash\EFM8BB3_UART_Interrupt\inc;C:/SiliconLabs/SimplicityStudio/v3/developer/sdks/si8051/v3//Device/shared
                    -/si8051Base;C:/SiliconLabs/SimplicityStudio/v3/developer/sdks/si8051/v3//Device/EFM8BB3;C:/SiliconLabs/SimplicityStudio/
                    -v3/developer/sdks/si8051/v3//Device/EFM8BB3/inc) PRINT(.\src\Interrupts.lst) COND PAGEWIDTH(120) PAGELENGTH(65) OBJECT(.
                    -\src\Interrupts.OBJ)

line level    source

   1          //=========================================================
   2          // src/Interrupts.c: generated by Hardware Configurator
   3          //
   4          // This file will be regenerated when saving a document.
   5          // leave the sections inside the "$[...]" comment tags alone
   6          // or they will be overwritten!
   7          //=========================================================
   8          
   9                   
  10          // USER INCLUDES                        
  11          #include <SI_EFM8BB3_Register_Enums.h>
  12          
  13          //-----------------------------------------------------------------------------
  14          // Global CONSTANTS
  15          //-----------------------------------------------------------------------------
  16          #define UART_BUFFERSIZE        64
  17          
  18          //-----------------------------------------------------------------------------
  19          // Global Variables
  20          //-----------------------------------------------------------------------------
  21          uint8_t UART_Buffer[UART_BUFFERSIZE];
  22          uint8_t UART_Buffer_Size = 0;
  23          uint8_t UART_Input_First = 0;
  24          uint8_t UART_Output_First = 0;
  25          uint8_t TX_Ready =1;
  26          uint8_t Byte = 0;
  27          
  28          //-----------------------------------------------------------------------------
  29          // UART0_ISR
  30          //-----------------------------------------------------------------------------
  31          //
  32          // UART0 ISR Content goes here. Remember to clear flag bits:
  33          // SCON0::RI (Receive Interrupt Flag)
  34          // SCON0::TI (Transmit Interrupt Flag)
  35          //
  36          // This routine is invoked whenever a character is entered or displayed on the
  37          // Hyperterminal.
  38          //
  39          //-----------------------------------------------------------------------------
  40          SI_INTERRUPT (UART1_ISR, UART1_IRQn)
  41          {
  42   1              unsigned char rec_byte;
  43   1              SFRPAGE = 0x20;
  44   1              if(SCON1_RI == 1)
  45   1              {
  46   2                      rec_byte = SBUF1;
  47   2                      SBUF1 = rec_byte;
  48   2                      while(SCON1_TI != 1);
  49   2                      SCON1_TI = 0;
  50   2              }
C51 COMPILER V9.53.0.0   INTERRUPTS                                                        01/18/2017 17:41:32 PAGE 2   

  51   1      
  52   1      }
  53          
  54          


MODULE INFORMATION:   STATIC OVERLAYABLE
   CODE SIZE        =     30    ----
   CONSTANT SIZE    =   ----    ----
   XDATA SIZE       =   ----    ----
   PDATA SIZE       =   ----    ----
   DATA SIZE        =     69    ----
   IDATA SIZE       =   ----    ----
   BIT SIZE         =   ----    ----
   EDATA SIZE       =   ----    ----
   HDATA SIZE       =   ----    ----
   XDATA CONST SIZE =   ----    ----
   FAR CONST SIZE   =   ----    ----
END OF MODULE INFORMATION.


C51 COMPILATION COMPLETE.  0 WARNING(S),  0 ERROR(S)
